F:\ANDROID_ZHIZUO\2014\COCOS2D-X-ZHIZUO\THIEFTD-MASTER2-FOR-ANDROID\THIEFTD-MASTER\COCOS2D\COCOS\2D\DEBUG.WIN32\UNZIP.OBJ
F:\ANDROID_ZHIZUO\2014\COCOS2D-X-ZHIZUO\THIEFTD-MASTER2-FOR-ANDROID\THIEFTD-MASTER\COCOS2D\COCOS\2D\DEBUG.WIN32\CCAFFINETRANSFORM.OBJ
F:\ANDROID_ZHIZUO\2014\COCOS2D-X-ZHIZUO\THIEFTD-MASTER2-FOR-ANDROID\THIEFTD-MASTER\COCOS2D\COCOS\2D\DEBUG.WIN32\CCDICTIONARY.OBJ
F:\ANDROID_ZHIZUO\2014\COCOS2D-X-ZHIZUO\THIEFTD-MASTER2-FOR-ANDROID\THIEFTD-MASTER\COCOS2D\COCOS\2D\DEBUG.WIN32\CCSTRING.OBJ
F:\ANDROID_ZHIZUO\2014\COCOS2D-X-ZHIZUO\THIEFTD-MASTER2-FOR-ANDROID\THIEFTD-MASTER\COCOS2D\COCOS\2D\DEBUG.WIN32\CCPHYSICSJOINT.OBJ
F:\ANDROID_ZHIZUO\2014\COCOS2D-X-ZHIZUO\THIEFTD-MASTER2-FOR-ANDROID\THIEFTD-MASTER\COCOS2D\COCOS\2D\DEBUG.WIN32\CCACTIONCAMERA.OBJ
F:\ANDROID_ZHIZUO\2014\COCOS2D-X-ZHIZUO\THIEFTD-MASTER2-FOR-ANDROID\THIEFTD-MASTER\COCOS2D\COCOS\2D\DEBUG.WIN32\CCACTIONGRID3D.OBJ
F:\ANDROID_ZHIZUO\2014\COCOS2D-X-ZHIZUO\THIEFTD-MASTER2-FOR-ANDROID\THIEFTD-MASTER\COCOS2D\COCOS\2D\DEBUG.WIN32\CCACTIONTWEEN.OBJ
F:\ANDROID_ZHIZUO\2014\COCOS2D-X-ZHIZUO\THIEFTD-MASTER2-FOR-ANDROID\THIEFTD-MASTER\COCOS2D\COCOS\2D\DEBUG.WIN32\CCCARRAY.OBJ
F:\ANDROID_ZHIZUO\2014\COCOS2D-X-ZHIZUO\THIEFTD-MASTER2-FOR-ANDROID\THIEFTD-MASTER\COCOS2D\COCOS\2D\DEBUG.WIN32\CCCOMPONENT.OBJ
F:\ANDROID_ZHIZUO\2014\COCOS2D-X-ZHIZUO\THIEFTD-MASTER2-FOR-ANDROID\THIEFTD-MASTER\COCOS2D\COCOS\2D\DEBUG.WIN32\CCDEPRECATED.OBJ
F:\ANDROID_ZHIZUO\2014\COCOS2D-X-ZHIZUO\THIEFTD-MASTER2-FOR-ANDROID\THIEFTD-MASTER\COCOS2D\COCOS\2D\DEBUG.WIN32\CCEVENTDISPATCHER.OBJ
F:\ANDROID_ZHIZUO\2014\COCOS2D-X-ZHIZUO\THIEFTD-MASTER2-FOR-ANDROID\THIEFTD-MASTER\COCOS2D\COCOS\2D\DEBUG.WIN32\CCEVENTMOUSE.OBJ
F:\ANDROID_ZHIZUO\2014\COCOS2D-X-ZHIZUO\THIEFTD-MASTER2-FOR-ANDROID\THIEFTD-MASTER\COCOS2D\COCOS\2D\DEBUG.WIN32\CCFONTATLAS.OBJ
F:\ANDROID_ZHIZUO\2014\COCOS2D-X-ZHIZUO\THIEFTD-MASTER2-FOR-ANDROID\THIEFTD-MASTER\COCOS2D\COCOS\2D\DEBUG.WIN32\CCFONTFNT.OBJ
F:\ANDROID_ZHIZUO\2014\COCOS2D-X-ZHIZUO\THIEFTD-MASTER2-FOR-ANDROID\THIEFTD-MASTER\COCOS2D\COCOS\2D\DEBUG.WIN32\CCGRABBER.OBJ
F:\ANDROID_ZHIZUO\2014\COCOS2D-X-ZHIZUO\THIEFTD-MASTER2-FOR-ANDROID\THIEFTD-MASTER\COCOS2D\COCOS\2D\DEBUG.WIN32\CCLABEL.OBJ
F:\ANDROID_ZHIZUO\2014\COCOS2D-X-ZHIZUO\THIEFTD-MASTER2-FOR-ANDROID\THIEFTD-MASTER\COCOS2D\COCOS\2D\DEBUG.WIN32\CCLABELTTF.OBJ
F:\ANDROID_ZHIZUO\2014\COCOS2D-X-ZHIZUO\THIEFTD-MASTER2-FOR-ANDROID\THIEFTD-MASTER\COCOS2D\COCOS\2D\DEBUG.WIN32\CCMOTIONSTREAK.OBJ
F:\ANDROID_ZHIZUO\2014\COCOS2D-X-ZHIZUO\THIEFTD-MASTER2-FOR-ANDROID\THIEFTD-MASTER\COCOS2D\COCOS\2D\DEBUG.WIN32\CCPARTICLEBATCHNODE.OBJ
F:\ANDROID_ZHIZUO\2014\COCOS2D-X-ZHIZUO\THIEFTD-MASTER2-FOR-ANDROID\THIEFTD-MASTER\COCOS2D\COCOS\2D\DEBUG.WIN32\CCPROGRESSTIMER.OBJ
F:\ANDROID_ZHIZUO\2014\COCOS2D-X-ZHIZUO\THIEFTD-MASTER2-FOR-ANDROID\THIEFTD-MASTER\COCOS2D\COCOS\2D\DEBUG.WIN32\CCSCRIPTSUPPORT.OBJ
F:\ANDROID_ZHIZUO\2014\COCOS2D-X-ZHIZUO\THIEFTD-MASTER2-FOR-ANDROID\THIEFTD-MASTER\COCOS2D\COCOS\2D\DEBUG.WIN32\CCSPRITEBATCHNODE.OBJ
F:\ANDROID_ZHIZUO\2014\COCOS2D-X-ZHIZUO\THIEFTD-MASTER2-FOR-ANDROID\THIEFTD-MASTER\COCOS2D\COCOS\2D\DEBUG.WIN32\CCTEXTUREATLAS.OBJ
F:\ANDROID_ZHIZUO\2014\COCOS2D-X-ZHIZUO\THIEFTD-MASTER2-FOR-ANDROID\THIEFTD-MASTER\COCOS2D\COCOS\2D\DEBUG.WIN32\CCTMXTILEDMAP.OBJ
F:\ANDROID_ZHIZUO\2014\COCOS2D-X-ZHIZUO\THIEFTD-MASTER2-FOR-ANDROID\THIEFTD-MASTER\COCOS2D\COCOS\2D\DEBUG.WIN32\CCTYPES.OBJ
F:\ANDROID_ZHIZUO\2014\COCOS2D-X-ZHIZUO\THIEFTD-MASTER2-FOR-ANDROID\THIEFTD-MASTER\COCOS2D\COCOS\2D\DEBUG.WIN32\CCUTILS.OBJ
F:\ANDROID_ZHIZUO\2014\COCOS2D-X-ZHIZUO\THIEFTD-MASTER2-FOR-ANDROID\THIEFTD-MASTER\COCOS2D\COCOS\2D\DEBUG.WIN32\CCVERTEX.OBJ
F:\ANDROID_ZHIZUO\2014\COCOS2D-X-ZHIZUO\THIEFTD-MASTER2-FOR-ANDROID\THIEFTD-MASTER\COCOS2D\COCOS\2D\DEBUG.WIN32\CCTHREAD.OBJ
F:\ANDROID_ZHIZUO\2014\COCOS2D-X-ZHIZUO\THIEFTD-MASTER2-FOR-ANDROID\THIEFTD-MASTER\COCOS2D\COCOS\2D\DEBUG.WIN32\CCSTDC.OBJ
F:\ANDROID_ZHIZUO\2014\COCOS2D-X-ZHIZUO\THIEFTD-MASTER2-FOR-ANDROID\THIEFTD-MASTER\COCOS2D\COCOS\2D\DEBUG.WIN32\CCFRUSTUM.OBJ
F:\ANDROID_ZHIZUO\2014\COCOS2D-X-ZHIZUO\THIEFTD-MASTER2-FOR-ANDROID\THIEFTD-MASTER\COCOS2D\COCOS\2D\DEBUG.WIN32\CCRENDERMATERIAL.OBJ
F:\ANDROID_ZHIZUO\2014\COCOS2D-X-ZHIZUO\THIEFTD-MASTER2-FOR-ANDROID\THIEFTD-MASTER\COCOS2D\COCOS\2D\DEBUG.WIN32\TGALIB.OBJ
F:\ANDROID_ZHIZUO\2014\COCOS2D-X-ZHIZUO\THIEFTD-MASTER2-FOR-ANDROID\THIEFTD-MASTER\COCOS2D\COCOS\2D\DEBUG.WIN32\EDTAA3FUNC.OBJ
F:\ANDROID_ZHIZUO\2014\COCOS2D-X-ZHIZUO\THIEFTD-MASTER2-FOR-ANDROID\THIEFTD-MASTER\COCOS2D\COCOS\2D\DEBUG.WIN32\XXHASH.OBJ
F:\ANDROID_ZHIZUO\2014\COCOS2D-X-ZHIZUO\THIEFTD-MASTER2-FOR-ANDROID\THIEFTD-MASTER\COCOS2D\COCOS\2D\DEBUG.WIN32\CCAUTORELEASEPOOL.OBJ
F:\ANDROID_ZHIZUO\2014\COCOS2D-X-ZHIZUO\THIEFTD-MASTER2-FOR-ANDROID\THIEFTD-MASTER\COCOS2D\COCOS\2D\DEBUG.WIN32\CCDATA.OBJ
F:\ANDROID_ZHIZUO\2014\COCOS2D-X-ZHIZUO\THIEFTD-MASTER2-FOR-ANDROID\THIEFTD-MASTER\COCOS2D\COCOS\2D\DEBUG.WIN32\CCGEOMETRY.OBJ
F:\ANDROID_ZHIZUO\2014\COCOS2D-X-ZHIZUO\THIEFTD-MASTER2-FOR-ANDROID\THIEFTD-MASTER\COCOS2D\COCOS\2D\DEBUG.WIN32\CCSET.OBJ
F:\ANDROID_ZHIZUO\2014\COCOS2D-X-ZHIZUO\THIEFTD-MASTER2-FOR-ANDROID\THIEFTD-MASTER\COCOS2D\COCOS\2D\DEBUG.WIN32\CCVALUE.OBJ
F:\ANDROID_ZHIZUO\2014\COCOS2D-X-ZHIZUO\THIEFTD-MASTER2-FOR-ANDROID\THIEFTD-MASTER\COCOS2D\COCOS\2D\DEBUG.WIN32\CCPHYSICSSHAPE.OBJ
F:\ANDROID_ZHIZUO\2014\COCOS2D-X-ZHIZUO\THIEFTD-MASTER2-FOR-ANDROID\THIEFTD-MASTER\COCOS2D\COCOS\2D\DEBUG.WIN32\CCPHYSICSSHAPEINFO_CHIPMUNK.OBJ
F:\ANDROID_ZHIZUO\2014\COCOS2D-X-ZHIZUO\THIEFTD-MASTER2-FOR-ANDROID\THIEFTD-MASTER\COCOS2D\COCOS\2D\DEBUG.WIN32\BASE64.OBJ
F:\ANDROID_ZHIZUO\2014\COCOS2D-X-ZHIZUO\THIEFTD-MASTER2-FOR-ANDROID\THIEFTD-MASTER\COCOS2D\COCOS\2D\DEBUG.WIN32\CCACTION.OBJ
F:\ANDROID_ZHIZUO\2014\COCOS2D-X-ZHIZUO\THIEFTD-MASTER2-FOR-ANDROID\THIEFTD-MASTER\COCOS2D\COCOS\2D\DEBUG.WIN32\CCACTIONGRID.OBJ
F:\ANDROID_ZHIZUO\2014\COCOS2D-X-ZHIZUO\THIEFTD-MASTER2-FOR-ANDROID\THIEFTD-MASTER\COCOS2D\COCOS\2D\DEBUG.WIN32\CCACTIONMANAGER.OBJ
F:\ANDROID_ZHIZUO\2014\COCOS2D-X-ZHIZUO\THIEFTD-MASTER2-FOR-ANDROID\THIEFTD-MASTER\COCOS2D\COCOS\2D\DEBUG.WIN32\CCACTIONTILEDGRID.OBJ
F:\ANDROID_ZHIZUO\2014\COCOS2D-X-ZHIZUO\THIEFTD-MASTER2-FOR-ANDROID\THIEFTD-MASTER\COCOS2D\COCOS\2D\DEBUG.WIN32\CCANIMATIONCACHE.OBJ
F:\ANDROID_ZHIZUO\2014\COCOS2D-X-ZHIZUO\THIEFTD-MASTER2-FOR-ANDROID\THIEFTD-MASTER\COCOS2D\COCOS\2D\DEBUG.WIN32\CCCOMPONENTCONTAINER.OBJ
F:\ANDROID_ZHIZUO\2014\COCOS2D-X-ZHIZUO\THIEFTD-MASTER2-FOR-ANDROID\THIEFTD-MASTER\COCOS2D\COCOS\2D\DEBUG.WIN32\CCDRAWINGPRIMITIVES.OBJ
F:\ANDROID_ZHIZUO\2014\COCOS2D-X-ZHIZUO\THIEFTD-MASTER2-FOR-ANDROID\THIEFTD-MASTER\COCOS2D\COCOS\2D\DEBUG.WIN32\CCEVENTACCELERATION.OBJ
F:\ANDROID_ZHIZUO\2014\COCOS2D-X-ZHIZUO\THIEFTD-MASTER2-FOR-ANDROID\THIEFTD-MASTER\COCOS2D\COCOS\2D\DEBUG.WIN32\CCEVENTLISTENERCUSTOM.OBJ
F:\ANDROID_ZHIZUO\2014\COCOS2D-X-ZHIZUO\THIEFTD-MASTER2-FOR-ANDROID\THIEFTD-MASTER\COCOS2D\COCOS\2D\DEBUG.WIN32\CCEVENTLISTENERMOUSE.OBJ
F:\ANDROID_ZHIZUO\2014\COCOS2D-X-ZHIZUO\THIEFTD-MASTER2-FOR-ANDROID\THIEFTD-MASTER\COCOS2D\COCOS\2D\DEBUG.WIN32\CCEVENTTOUCH.OBJ
F:\ANDROID_ZHIZUO\2014\COCOS2D-X-ZHIZUO\THIEFTD-MASTER2-FOR-ANDROID\THIEFTD-MASTER\COCOS2D\COCOS\2D\DEBUG.WIN32\CCFONTCHARMAP.OBJ
F:\ANDROID_ZHIZUO\2014\COCOS2D-X-ZHIZUO\THIEFTD-MASTER2-FOR-ANDROID\THIEFTD-MASTER\COCOS2D\COCOS\2D\DEBUG.WIN32\CCGLSTATECACHE.OBJ
F:\ANDROID_ZHIZUO\2014\COCOS2D-X-ZHIZUO\THIEFTD-MASTER2-FOR-ANDROID\THIEFTD-MASTER\COCOS2D\COCOS\2D\DEBUG.WIN32\CCIMEDISPATCHER.OBJ
F:\ANDROID_ZHIZUO\2014\COCOS2D-X-ZHIZUO\THIEFTD-MASTER2-FOR-ANDROID\THIEFTD-MASTER\COCOS2D\COCOS\2D\DEBUG.WIN32\CCLABELATLAS.OBJ
F:\ANDROID_ZHIZUO\2014\COCOS2D-X-ZHIZUO\THIEFTD-MASTER2-FOR-ANDROID\THIEFTD-MASTER\COCOS2D\COCOS\2D\DEBUG.WIN32\CCLAYER.OBJ
F:\ANDROID_ZHIZUO\2014\COCOS2D-X-ZHIZUO\THIEFTD-MASTER2-FOR-ANDROID\THIEFTD-MASTER\COCOS2D\COCOS\2D\DEBUG.WIN32\CCNOTIFICATIONCENTER.OBJ
F:\ANDROID_ZHIZUO\2014\COCOS2D-X-ZHIZUO\THIEFTD-MASTER2-FOR-ANDROID\THIEFTD-MASTER\COCOS2D\COCOS\2D\DEBUG.WIN32\CCPARTICLEEXAMPLES.OBJ
F:\ANDROID_ZHIZUO\2014\COCOS2D-X-ZHIZUO\THIEFTD-MASTER2-FOR-ANDROID\THIEFTD-MASTER\COCOS2D\COCOS\2D\DEBUG.WIN32\CCPROFILING.OBJ
F:\ANDROID_ZHIZUO\2014\COCOS2D-X-ZHIZUO\THIEFTD-MASTER2-FOR-ANDROID\THIEFTD-MASTER\COCOS2D\COCOS\2D\DEBUG.WIN32\CCSCENE.OBJ
F:\ANDROID_ZHIZUO\2014\COCOS2D-X-ZHIZUO\THIEFTD-MASTER2-FOR-ANDROID\THIEFTD-MASTER\COCOS2D\COCOS\2D\DEBUG.WIN32\CCSHADERS.OBJ
F:\ANDROID_ZHIZUO\2014\COCOS2D-X-ZHIZUO\THIEFTD-MASTER2-FOR-ANDROID\THIEFTD-MASTER\COCOS2D\COCOS\2D\DEBUG.WIN32\CCSPRITE.OBJ
F:\ANDROID_ZHIZUO\2014\COCOS2D-X-ZHIZUO\THIEFTD-MASTER2-FOR-ANDROID\THIEFTD-MASTER\COCOS2D\COCOS\2D\DEBUG.WIN32\CCTEXTFIELDTTF.OBJ
F:\ANDROID_ZHIZUO\2014\COCOS2D-X-ZHIZUO\THIEFTD-MASTER2-FOR-ANDROID\THIEFTD-MASTER\COCOS2D\COCOS\2D\DEBUG.WIN32\CCTILEMAPATLAS.OBJ
F:\ANDROID_ZHIZUO\2014\COCOS2D-X-ZHIZUO\THIEFTD-MASTER2-FOR-ANDROID\THIEFTD-MASTER\COCOS2D\COCOS\2D\DEBUG.WIN32\CCTMXXMLPARSER.OBJ
F:\ANDROID_ZHIZUO\2014\COCOS2D-X-ZHIZUO\THIEFTD-MASTER2-FOR-ANDROID\THIEFTD-MASTER\COCOS2D\COCOS\2D\DEBUG.WIN32\CCTRANSITIONPAGETURN.OBJ
F:\ANDROID_ZHIZUO\2014\COCOS2D-X-ZHIZUO\THIEFTD-MASTER2-FOR-ANDROID\THIEFTD-MASTER\COCOS2D\COCOS\2D\DEBUG.WIN32\CCTWEENFUNCTION.OBJ
F:\ANDROID_ZHIZUO\2014\COCOS2D-X-ZHIZUO\THIEFTD-MASTER2-FOR-ANDROID\THIEFTD-MASTER\COCOS2D\COCOS\2D\DEBUG.WIN32\COCOS2D.OBJ
F:\ANDROID_ZHIZUO\2014\COCOS2D-X-ZHIZUO\THIEFTD-MASTER2-FOR-ANDROID\THIEFTD-MASTER\COCOS2D\COCOS\2D\DEBUG.WIN32\CCGLVIEWPROTOCOL.OBJ
F:\ANDROID_ZHIZUO\2014\COCOS2D-X-ZHIZUO\THIEFTD-MASTER2-FOR-ANDROID\THIEFTD-MASTER\COCOS2D\COCOS\2D\DEBUG.WIN32\CCSAXPARSER.OBJ
F:\ANDROID_ZHIZUO\2014\COCOS2D-X-ZHIZUO\THIEFTD-MASTER2-FOR-ANDROID\THIEFTD-MASTER\COCOS2D\COCOS\2D\DEBUG.WIN32\CCCOMMON.OBJ
F:\ANDROID_ZHIZUO\2014\COCOS2D-X-ZHIZUO\THIEFTD-MASTER2-FOR-ANDROID\THIEFTD-MASTER\COCOS2D\COCOS\2D\DEBUG.WIN32\CCDEVICE.OBJ
F:\ANDROID_ZHIZUO\2014\COCOS2D-X-ZHIZUO\THIEFTD-MASTER2-FOR-ANDROID\THIEFTD-MASTER\COCOS2D\COCOS\2D\DEBUG.WIN32\CCCUSTOMCOMMAND.OBJ
F:\ANDROID_ZHIZUO\2014\COCOS2D-X-ZHIZUO\THIEFTD-MASTER2-FOR-ANDROID\THIEFTD-MASTER\COCOS2D\COCOS\2D\DEBUG.WIN32\CCQUADCOMMAND.OBJ
F:\ANDROID_ZHIZUO\2014\COCOS2D-X-ZHIZUO\THIEFTD-MASTER2-FOR-ANDROID\THIEFTD-MASTER\COCOS2D\COCOS\2D\DEBUG.WIN32\CCRENDERCOMMAND.OBJ
F:\ANDROID_ZHIZUO\2014\COCOS2D-X-ZHIZUO\THIEFTD-MASTER2-FOR-ANDROID\THIEFTD-MASTER\COCOS2D\COCOS\2D\DEBUG.WIN32\ZIPUTILS.OBJ
F:\ANDROID_ZHIZUO\2014\COCOS2D-X-ZHIZUO\THIEFTD-MASTER2-FOR-ANDROID\THIEFTD-MASTER\COCOS2D\COCOS\2D\DEBUG.WIN32\IOAPI.OBJ
F:\ANDROID_ZHIZUO\2014\COCOS2D-X-ZHIZUO\THIEFTD-MASTER2-FOR-ANDROID\THIEFTD-MASTER\COCOS2D\COCOS\2D\DEBUG.WIN32\ATITC.OBJ
F:\ANDROID_ZHIZUO\2014\COCOS2D-X-ZHIZUO\THIEFTD-MASTER2-FOR-ANDROID\THIEFTD-MASTER\COCOS2D\COCOS\2D\DEBUG.WIN32\CCCONSOLE.OBJ
F:\ANDROID_ZHIZUO\2014\COCOS2D-X-ZHIZUO\THIEFTD-MASTER2-FOR-ANDROID\THIEFTD-MASTER\COCOS2D\COCOS\2D\DEBUG.WIN32\CCNS.OBJ
F:\ANDROID_ZHIZUO\2014\COCOS2D-X-ZHIZUO\THIEFTD-MASTER2-FOR-ANDROID\THIEFTD-MASTER\COCOS2D\COCOS\2D\DEBUG.WIN32\S3TC.OBJ
F:\ANDROID_ZHIZUO\2014\COCOS2D-X-ZHIZUO\THIEFTD-MASTER2-FOR-ANDROID\THIEFTD-MASTER\COCOS2D\COCOS\2D\DEBUG.WIN32\RAY3.OBJ
F:\ANDROID_ZHIZUO\2014\COCOS2D-X-ZHIZUO\THIEFTD-MASTER2-FOR-ANDROID\THIEFTD-MASTER\COCOS2D\COCOS\2D\DEBUG.WIN32\UTILITY.OBJ
F:\ANDROID_ZHIZUO\2014\COCOS2D-X-ZHIZUO\THIEFTD-MASTER2-FOR-ANDROID\THIEFTD-MASTER\COCOS2D\COCOS\2D\DEBUG.WIN32\VEC3.OBJ
F:\ANDROID_ZHIZUO\2014\COCOS2D-X-ZHIZUO\THIEFTD-MASTER2-FOR-ANDROID\THIEFTD-MASTER\COCOS2D\COCOS\2D\DEBUG.WIN32\CCPHYSICSBODY.OBJ
F:\ANDROID_ZHIZUO\2014\COCOS2D-X-ZHIZUO\THIEFTD-MASTER2-FOR-ANDROID\THIEFTD-MASTER\COCOS2D\COCOS\2D\DEBUG.WIN32\CCPHYSICSBODYINFO_CHIPMUNK.OBJ
F:\ANDROID_ZHIZUO\2014\COCOS2D-X-ZHIZUO\THIEFTD-MASTER2-FOR-ANDROID\THIEFTD-MASTER\COCOS2D\COCOS\2D\DEBUG.WIN32\CCPHYSICSCONTACTINFO_CHIPMUNK.OBJ
F:\ANDROID_ZHIZUO\2014\COCOS2D-X-ZHIZUO\THIEFTD-MASTER2-FOR-ANDROID\THIEFTD-MASTER\COCOS2D\COCOS\2D\DEBUG.WIN32\CCPHYSICSJOINTINFO_CHIPMUNK.OBJ
F:\ANDROID_ZHIZUO\2014\COCOS2D-X-ZHIZUO\THIEFTD-MASTER2-FOR-ANDROID\THIEFTD-MASTER\COCOS2D\COCOS\2D\DEBUG.WIN32\CCPHYSICSWORLDINFO_CHIPMUNK.OBJ
F:\ANDROID_ZHIZUO\2014\COCOS2D-X-ZHIZUO\THIEFTD-MASTER2-FOR-ANDROID\THIEFTD-MASTER\COCOS2D\COCOS\2D\DEBUG.WIN32\CCACTIONEASE.OBJ
F:\ANDROID_ZHIZUO\2014\COCOS2D-X-ZHIZUO\THIEFTD-MASTER2-FOR-ANDROID\THIEFTD-MASTER\COCOS2D\COCOS\2D\DEBUG.WIN32\CCACTIONINSTANT.OBJ
F:\ANDROID_ZHIZUO\2014\COCOS2D-X-ZHIZUO\THIEFTD-MASTER2-FOR-ANDROID\THIEFTD-MASTER\COCOS2D\COCOS\2D\DEBUG.WIN32\CCACTIONPAGETURN3D.OBJ
F:\ANDROID_ZHIZUO\2014\COCOS2D-X-ZHIZUO\THIEFTD-MASTER2-FOR-ANDROID\THIEFTD-MASTER\COCOS2D\COCOS\2D\DEBUG.WIN32\CCANIMATION.OBJ
F:\ANDROID_ZHIZUO\2014\COCOS2D-X-ZHIZUO\THIEFTD-MASTER2-FOR-ANDROID\THIEFTD-MASTER\COCOS2D\COCOS\2D\DEBUG.WIN32\CCCLIPPINGNODE.OBJ
F:\ANDROID_ZHIZUO\2014\COCOS2D-X-ZHIZUO\THIEFTD-MASTER2-FOR-ANDROID\THIEFTD-MASTER\COCOS2D\COCOS\2D\DEBUG.WIN32\CCDIRECTOR.OBJ
F:\ANDROID_ZHIZUO\2014\COCOS2D-X-ZHIZUO\THIEFTD-MASTER2-FOR-ANDROID\THIEFTD-MASTER\COCOS2D\COCOS\2D\DEBUG.WIN32\CCEVENT.OBJ
F:\ANDROID_ZHIZUO\2014\COCOS2D-X-ZHIZUO\THIEFTD-MASTER2-FOR-ANDROID\THIEFTD-MASTER\COCOS2D\COCOS\2D\DEBUG.WIN32\CCEVENTCUSTOM.OBJ
F:\ANDROID_ZHIZUO\2014\COCOS2D-X-ZHIZUO\THIEFTD-MASTER2-FOR-ANDROID\THIEFTD-MASTER\COCOS2D\COCOS\2D\DEBUG.WIN32\CCEVENTLISTENERACCELERATION.OBJ
F:\ANDROID_ZHIZUO\2014\COCOS2D-X-ZHIZUO\THIEFTD-MASTER2-FOR-ANDROID\THIEFTD-MASTER\COCOS2D\COCOS\2D\DEBUG.WIN32\CCEVENTLISTENERTOUCH.OBJ
F:\ANDROID_ZHIZUO\2014\COCOS2D-X-ZHIZUO\THIEFTD-MASTER2-FOR-ANDROID\THIEFTD-MASTER\COCOS2D\COCOS\2D\DEBUG.WIN32\CCFONTATLASCACHE.OBJ
F:\ANDROID_ZHIZUO\2014\COCOS2D-X-ZHIZUO\THIEFTD-MASTER2-FOR-ANDROID\THIEFTD-MASTER\COCOS2D\COCOS\2D\DEBUG.WIN32\CCFPSIMAGES.OBJ
F:\ANDROID_ZHIZUO\2014\COCOS2D-X-ZHIZUO\THIEFTD-MASTER2-FOR-ANDROID\THIEFTD-MASTER\COCOS2D\COCOS\2D\DEBUG.WIN32\CCGLPROGRAM.OBJ
F:\ANDROID_ZHIZUO\2014\COCOS2D-X-ZHIZUO\THIEFTD-MASTER2-FOR-ANDROID\THIEFTD-MASTER\COCOS2D\COCOS\2D\DEBUG.WIN32\CCNODEGRID.OBJ
F:\ANDROID_ZHIZUO\2014\COCOS2D-X-ZHIZUO\THIEFTD-MASTER2-FOR-ANDROID\THIEFTD-MASTER\COCOS2D\COCOS\2D\DEBUG.WIN32\CCLABELTEXTFORMATTER.OBJ
F:\ANDROID_ZHIZUO\2014\COCOS2D-X-ZHIZUO\THIEFTD-MASTER2-FOR-ANDROID\THIEFTD-MASTER\COCOS2D\COCOS\2D\DEBUG.WIN32\CCMENU.OBJ
F:\ANDROID_ZHIZUO\2014\COCOS2D-X-ZHIZUO\THIEFTD-MASTER2-FOR-ANDROID\THIEFTD-MASTER\COCOS2D\COCOS\2D\DEBUG.WIN32\CCNODE.OBJ
F:\ANDROID_ZHIZUO\2014\COCOS2D-X-ZHIZUO\THIEFTD-MASTER2-FOR-ANDROID\THIEFTD-MASTER\COCOS2D\COCOS\2D\DEBUG.WIN32\CCPARTICLESYSTEM.OBJ
F:\ANDROID_ZHIZUO\2014\COCOS2D-X-ZHIZUO\THIEFTD-MASTER2-FOR-ANDROID\THIEFTD-MASTER\COCOS2D\COCOS\2D\DEBUG.WIN32\CCRENDERTEXTURE.OBJ
F:\ANDROID_ZHIZUO\2014\COCOS2D-X-ZHIZUO\THIEFTD-MASTER2-FOR-ANDROID\THIEFTD-MASTER\COCOS2D\COCOS\2D\DEBUG.WIN32\CCSHADERCACHE.OBJ
F:\ANDROID_ZHIZUO\2014\COCOS2D-X-ZHIZUO\THIEFTD-MASTER2-FOR-ANDROID\THIEFTD-MASTER\COCOS2D\COCOS\2D\DEBUG.WIN32\CCSPRITEFRAMECACHE.OBJ
F:\ANDROID_ZHIZUO\2014\COCOS2D-X-ZHIZUO\THIEFTD-MASTER2-FOR-ANDROID\THIEFTD-MASTER\COCOS2D\COCOS\2D\DEBUG.WIN32\CCTEXTURECACHE.OBJ
F:\ANDROID_ZHIZUO\2014\COCOS2D-X-ZHIZUO\THIEFTD-MASTER2-FOR-ANDROID\THIEFTD-MASTER\COCOS2D\COCOS\2D\DEBUG.WIN32\CCTMXOBJECTGROUP.OBJ
F:\ANDROID_ZHIZUO\2014\COCOS2D-X-ZHIZUO\THIEFTD-MASTER2-FOR-ANDROID\THIEFTD-MASTER\COCOS2D\COCOS\2D\DEBUG.WIN32\CCTOUCH.OBJ
F:\ANDROID_ZHIZUO\2014\COCOS2D-X-ZHIZUO\THIEFTD-MASTER2-FOR-ANDROID\THIEFTD-MASTER\COCOS2D\COCOS\2D\DEBUG.WIN32\CCTRANSITIONPROGRESS.OBJ
F:\ANDROID_ZHIZUO\2014\COCOS2D-X-ZHIZUO\THIEFTD-MASTER2-FOR-ANDROID\THIEFTD-MASTER\COCOS2D\COCOS\2D\DEBUG.WIN32\CCUTF8.OBJ
F:\ANDROID_ZHIZUO\2014\COCOS2D-X-ZHIZUO\THIEFTD-MASTER2-FOR-ANDROID\THIEFTD-MASTER\COCOS2D\COCOS\2D\DEBUG.WIN32\CCFILEUTILS.OBJ
F:\ANDROID_ZHIZUO\2014\COCOS2D-X-ZHIZUO\THIEFTD-MASTER2-FOR-ANDROID\THIEFTD-MASTER\COCOS2D\COCOS\2D\DEBUG.WIN32\CCAPPLICATION.OBJ
F:\ANDROID_ZHIZUO\2014\COCOS2D-X-ZHIZUO\THIEFTD-MASTER2-FOR-ANDROID\THIEFTD-MASTER\COCOS2D\COCOS\2D\DEBUG.WIN32\CCBATCHCOMMAND.OBJ
F:\ANDROID_ZHIZUO\2014\COCOS2D-X-ZHIZUO\THIEFTD-MASTER2-FOR-ANDROID\THIEFTD-MASTER\COCOS2D\COCOS\2D\DEBUG.WIN32\CCMATERIALMANAGER.OBJ
F:\ANDROID_ZHIZUO\2014\COCOS2D-X-ZHIZUO\THIEFTD-MASTER2-FOR-ANDROID\THIEFTD-MASTER\COCOS2D\COCOS\2D\DEBUG.WIN32\CCRENDERER.OBJ
F:\ANDROID_ZHIZUO\2014\COCOS2D-X-ZHIZUO\THIEFTD-MASTER2-FOR-ANDROID\THIEFTD-MASTER\COCOS2D\COCOS\2D\DEBUG.WIN32\TINYXML2.OBJ
F:\ANDROID_ZHIZUO\2014\COCOS2D-X-ZHIZUO\THIEFTD-MASTER2-FOR-ANDROID\THIEFTD-MASTER\COCOS2D\COCOS\2D\DEBUG.WIN32\CCARRAY.OBJ
F:\ANDROID_ZHIZUO\2014\COCOS2D-X-ZHIZUO\THIEFTD-MASTER2-FOR-ANDROID\THIEFTD-MASTER\COCOS2D\COCOS\2D\DEBUG.WIN32\CCDATAVISITOR.OBJ
F:\ANDROID_ZHIZUO\2014\COCOS2D-X-ZHIZUO\THIEFTD-MASTER2-FOR-ANDROID\THIEFTD-MASTER\COCOS2D\COCOS\2D\DEBUG.WIN32\CCREF.OBJ
F:\ANDROID_ZHIZUO\2014\COCOS2D-X-ZHIZUO\THIEFTD-MASTER2-FOR-ANDROID\THIEFTD-MASTER\COCOS2D\COCOS\2D\DEBUG.WIN32\ETC1.OBJ
F:\ANDROID_ZHIZUO\2014\COCOS2D-X-ZHIZUO\THIEFTD-MASTER2-FOR-ANDROID\THIEFTD-MASTER\COCOS2D\COCOS\2D\DEBUG.WIN32\AABB.OBJ
F:\ANDROID_ZHIZUO\2014\COCOS2D-X-ZHIZUO\THIEFTD-MASTER2-FOR-ANDROID\THIEFTD-MASTER\COCOS2D\COCOS\2D\DEBUG.WIN32\MAT4STACK.OBJ
F:\ANDROID_ZHIZUO\2014\COCOS2D-X-ZHIZUO\THIEFTD-MASTER2-FOR-ANDROID\THIEFTD-MASTER\COCOS2D\COCOS\2D\DEBUG.WIN32\MATRIX.OBJ
F:\ANDROID_ZHIZUO\2014\COCOS2D-X-ZHIZUO\THIEFTD-MASTER2-FOR-ANDROID\THIEFTD-MASTER\COCOS2D\COCOS\2D\DEBUG.WIN32\MAT3.OBJ
F:\ANDROID_ZHIZUO\2014\COCOS2D-X-ZHIZUO\THIEFTD-MASTER2-FOR-ANDROID\THIEFTD-MASTER\COCOS2D\COCOS\2D\DEBUG.WIN32\MAT4.OBJ
F:\ANDROID_ZHIZUO\2014\COCOS2D-X-ZHIZUO\THIEFTD-MASTER2-FOR-ANDROID\THIEFTD-MASTER\COCOS2D\COCOS\2D\DEBUG.WIN32\NEON_MATRIX_IMPL.OBJ
F:\ANDROID_ZHIZUO\2014\COCOS2D-X-ZHIZUO\THIEFTD-MASTER2-FOR-ANDROID\THIEFTD-MASTER\COCOS2D\COCOS\2D\DEBUG.WIN32\PLANE.OBJ
F:\ANDROID_ZHIZUO\2014\COCOS2D-X-ZHIZUO\THIEFTD-MASTER2-FOR-ANDROID\THIEFTD-MASTER\COCOS2D\COCOS\2D\DEBUG.WIN32\QUATERNION.OBJ
F:\ANDROID_ZHIZUO\2014\COCOS2D-X-ZHIZUO\THIEFTD-MASTER2-FOR-ANDROID\THIEFTD-MASTER\COCOS2D\COCOS\2D\DEBUG.WIN32\RAY2.OBJ
F:\ANDROID_ZHIZUO\2014\COCOS2D-X-ZHIZUO\THIEFTD-MASTER2-FOR-ANDROID\THIEFTD-MASTER\COCOS2D\COCOS\2D\DEBUG.WIN32\VEC2.OBJ
F:\ANDROID_ZHIZUO\2014\COCOS2D-X-ZHIZUO\THIEFTD-MASTER2-FOR-ANDROID\THIEFTD-MASTER\COCOS2D\COCOS\2D\DEBUG.WIN32\VEC4.OBJ
F:\ANDROID_ZHIZUO\2014\COCOS2D-X-ZHIZUO\THIEFTD-MASTER2-FOR-ANDROID\THIEFTD-MASTER\COCOS2D\COCOS\2D\DEBUG.WIN32\CCPHYSICSCONTACT.OBJ
F:\ANDROID_ZHIZUO\2014\COCOS2D-X-ZHIZUO\THIEFTD-MASTER2-FOR-ANDROID\THIEFTD-MASTER\COCOS2D\COCOS\2D\DEBUG.WIN32\CCPHYSICSWORLD.OBJ
F:\ANDROID_ZHIZUO\2014\COCOS2D-X-ZHIZUO\THIEFTD-MASTER2-FOR-ANDROID\THIEFTD-MASTER\COCOS2D\COCOS\2D\DEBUG.WIN32\CCACTIONCATMULLROM.OBJ
F:\ANDROID_ZHIZUO\2014\COCOS2D-X-ZHIZUO\THIEFTD-MASTER2-FOR-ANDROID\THIEFTD-MASTER\COCOS2D\COCOS\2D\DEBUG.WIN32\CCACTIONINTERVAL.OBJ
F:\ANDROID_ZHIZUO\2014\COCOS2D-X-ZHIZUO\THIEFTD-MASTER2-FOR-ANDROID\THIEFTD-MASTER\COCOS2D\COCOS\2D\DEBUG.WIN32\CCACTIONPROGRESSTIMER.OBJ
F:\ANDROID_ZHIZUO\2014\COCOS2D-X-ZHIZUO\THIEFTD-MASTER2-FOR-ANDROID\THIEFTD-MASTER\COCOS2D\COCOS\2D\DEBUG.WIN32\CCATLASNODE.OBJ
F:\ANDROID_ZHIZUO\2014\COCOS2D-X-ZHIZUO\THIEFTD-MASTER2-FOR-ANDROID\THIEFTD-MASTER\COCOS2D\COCOS\2D\DEBUG.WIN32\CCCONFIGURATION.OBJ
F:\ANDROID_ZHIZUO\2014\COCOS2D-X-ZHIZUO\THIEFTD-MASTER2-FOR-ANDROID\THIEFTD-MASTER\COCOS2D\COCOS\2D\DEBUG.WIN32\CCDRAWNODE.OBJ
F:\ANDROID_ZHIZUO\2014\COCOS2D-X-ZHIZUO\THIEFTD-MASTER2-FOR-ANDROID\THIEFTD-MASTER\COCOS2D\COCOS\2D\DEBUG.WIN32\CCEVENTKEYBOARD.OBJ
F:\ANDROID_ZHIZUO\2014\COCOS2D-X-ZHIZUO\THIEFTD-MASTER2-FOR-ANDROID\THIEFTD-MASTER\COCOS2D\COCOS\2D\DEBUG.WIN32\CCEVENTLISTENER.OBJ
F:\ANDROID_ZHIZUO\2014\COCOS2D-X-ZHIZUO\THIEFTD-MASTER2-FOR-ANDROID\THIEFTD-MASTER\COCOS2D\COCOS\2D\DEBUG.WIN32\CCEVENTLISTENERKEYBOARD.OBJ
F:\ANDROID_ZHIZUO\2014\COCOS2D-X-ZHIZUO\THIEFTD-MASTER2-FOR-ANDROID\THIEFTD-MASTER\COCOS2D\COCOS\2D\DEBUG.WIN32\CCFONT.OBJ
F:\ANDROID_ZHIZUO\2014\COCOS2D-X-ZHIZUO\THIEFTD-MASTER2-FOR-ANDROID\THIEFTD-MASTER\COCOS2D\COCOS\2D\DEBUG.WIN32\CCFONTFREETYPE.OBJ
F:\ANDROID_ZHIZUO\2014\COCOS2D-X-ZHIZUO\THIEFTD-MASTER2-FOR-ANDROID\THIEFTD-MASTER\COCOS2D\COCOS\2D\DEBUG.WIN32\CCGRID.OBJ
F:\ANDROID_ZHIZUO\2014\COCOS2D-X-ZHIZUO\THIEFTD-MASTER2-FOR-ANDROID\THIEFTD-MASTER\COCOS2D\COCOS\2D\DEBUG.WIN32\CCLABELBMFONT.OBJ
F:\ANDROID_ZHIZUO\2014\COCOS2D-X-ZHIZUO\THIEFTD-MASTER2-FOR-ANDROID\THIEFTD-MASTER\COCOS2D\COCOS\2D\DEBUG.WIN32\CCMENUITEM.OBJ
F:\ANDROID_ZHIZUO\2014\COCOS2D-X-ZHIZUO\THIEFTD-MASTER2-FOR-ANDROID\THIEFTD-MASTER\COCOS2D\COCOS\2D\DEBUG.WIN32\CCPARALLAXNODE.OBJ
F:\ANDROID_ZHIZUO\2014\COCOS2D-X-ZHIZUO\THIEFTD-MASTER2-FOR-ANDROID\THIEFTD-MASTER\COCOS2D\COCOS\2D\DEBUG.WIN32\CCPARTICLESYSTEMQUAD.OBJ
F:\ANDROID_ZHIZUO\2014\COCOS2D-X-ZHIZUO\THIEFTD-MASTER2-FOR-ANDROID\THIEFTD-MASTER\COCOS2D\COCOS\2D\DEBUG.WIN32\CCSCHEDULER.OBJ
F:\ANDROID_ZHIZUO\2014\COCOS2D-X-ZHIZUO\THIEFTD-MASTER2-FOR-ANDROID\THIEFTD-MASTER\COCOS2D\COCOS\2D\DEBUG.WIN32\CCSPRITEFRAME.OBJ
F:\ANDROID_ZHIZUO\2014\COCOS2D-X-ZHIZUO\THIEFTD-MASTER2-FOR-ANDROID\THIEFTD-MASTER\COCOS2D\COCOS\2D\DEBUG.WIN32\CCTEXTURE2D.OBJ
F:\ANDROID_ZHIZUO\2014\COCOS2D-X-ZHIZUO\THIEFTD-MASTER2-FOR-ANDROID\THIEFTD-MASTER\COCOS2D\COCOS\2D\DEBUG.WIN32\CCTMXLAYER.OBJ
F:\ANDROID_ZHIZUO\2014\COCOS2D-X-ZHIZUO\THIEFTD-MASTER2-FOR-ANDROID\THIEFTD-MASTER\COCOS2D\COCOS\2D\DEBUG.WIN32\CCTRANSITION.OBJ
F:\ANDROID_ZHIZUO\2014\COCOS2D-X-ZHIZUO\THIEFTD-MASTER2-FOR-ANDROID\THIEFTD-MASTER\COCOS2D\COCOS\2D\DEBUG.WIN32\CCUSERDEFAULT.OBJ
F:\ANDROID_ZHIZUO\2014\COCOS2D-X-ZHIZUO\THIEFTD-MASTER2-FOR-ANDROID\THIEFTD-MASTER\COCOS2D\COCOS\2D\DEBUG.WIN32\CCIMAGE.OBJ
F:\ANDROID_ZHIZUO\2014\COCOS2D-X-ZHIZUO\THIEFTD-MASTER2-FOR-ANDROID\THIEFTD-MASTER\COCOS2D\COCOS\2D\DEBUG.WIN32\CCGLVIEW.OBJ
F:\ANDROID_ZHIZUO\2014\COCOS2D-X-ZHIZUO\THIEFTD-MASTER2-FOR-ANDROID\THIEFTD-MASTER\COCOS2D\COCOS\2D\DEBUG.WIN32\CCFILEUTILSWIN32.OBJ
F:\ANDROID_ZHIZUO\2014\COCOS2D-X-ZHIZUO\THIEFTD-MASTER2-FOR-ANDROID\THIEFTD-MASTER\COCOS2D\COCOS\2D\DEBUG.WIN32\CCGROUPCOMMAND.OBJ
F:\ANDROID_ZHIZUO\2014\COCOS2D-X-ZHIZUO\THIEFTD-MASTER2-FOR-ANDROID\THIEFTD-MASTER\COCOS2D\COCOS\2D\DEBUG.WIN32\TRANSFORMUTILS.OBJ
F:\ANDROID_ZHIZUO\2014\COCOS2D-X-ZHIZUO\THIEFTD-MASTER\THIEFTD-MASTER\PROJ.WIN32\DEBUG.WIN32\LIBCOCOS2D.LIB
F:\ANDROID_ZHIZUO\2014\COCOS2D-X-ZHIZUO\THIEFTD-MASTER2-FOR-ANDROID\THIEFTD-MASTER\PROJ.WIN32\DEBUG.WIN32\LIBCOCOS2D.LIB
F:\ANDROID_ZHIZUO\2014\cocos2d-x-zhizuo\thiefTD-master2-for-android\thiefTD-master\cocos2d\cocos\2d\Debug.win32\aabb.obj
F:\ANDROID_ZHIZUO\2014\cocos2d-x-zhizuo\thiefTD-master2-for-android\thiefTD-master\cocos2d\cocos\2d\Debug.win32\atitc.obj
F:\ANDROID_ZHIZUO\2014\cocos2d-x-zhizuo\thiefTD-master2-for-android\thiefTD-master\cocos2d\cocos\2d\Debug.win32\base64.obj
F:\ANDROID_ZHIZUO\2014\cocos2d-x-zhizuo\thiefTD-master2-for-android\thiefTD-master\cocos2d\cocos\2d\Debug.win32\CCAction.obj
F:\ANDROID_ZHIZUO\2014\cocos2d-x-zhizuo\thiefTD-master2-for-android\thiefTD-master\cocos2d\cocos\2d\Debug.win32\CCActionCamera.obj
F:\ANDROID_ZHIZUO\2014\cocos2d-x-zhizuo\thiefTD-master2-for-android\thiefTD-master\cocos2d\cocos\2d\Debug.win32\CCActionCatmullRom.obj
F:\ANDROID_ZHIZUO\2014\cocos2d-x-zhizuo\thiefTD-master2-for-android\thiefTD-master\cocos2d\cocos\2d\Debug.win32\CCActionEase.obj
F:\ANDROID_ZHIZUO\2014\cocos2d-x-zhizuo\thiefTD-master2-for-android\thiefTD-master\cocos2d\cocos\2d\Debug.win32\CCActionGrid.obj
F:\ANDROID_ZHIZUO\2014\cocos2d-x-zhizuo\thiefTD-master2-for-android\thiefTD-master\cocos2d\cocos\2d\Debug.win32\CCActionGrid3D.obj
F:\ANDROID_ZHIZUO\2014\cocos2d-x-zhizuo\thiefTD-master2-for-android\thiefTD-master\cocos2d\cocos\2d\Debug.win32\CCActionInstant.obj
F:\ANDROID_ZHIZUO\2014\cocos2d-x-zhizuo\thiefTD-master2-for-android\thiefTD-master\cocos2d\cocos\2d\Debug.win32\CCActionInterval.obj
F:\ANDROID_ZHIZUO\2014\cocos2d-x-zhizuo\thiefTD-master2-for-android\thiefTD-master\cocos2d\cocos\2d\Debug.win32\CCActionManager.obj
F:\ANDROID_ZHIZUO\2014\cocos2d-x-zhizuo\thiefTD-master2-for-android\thiefTD-master\cocos2d\cocos\2d\Debug.win32\CCActionPageTurn3D.obj
F:\ANDROID_ZHIZUO\2014\cocos2d-x-zhizuo\thiefTD-master2-for-android\thiefTD-master\cocos2d\cocos\2d\Debug.win32\CCActionProgressTimer.obj
F:\ANDROID_ZHIZUO\2014\cocos2d-x-zhizuo\thiefTD-master2-for-android\thiefTD-master\cocos2d\cocos\2d\Debug.win32\CCActionTiledGrid.obj
F:\ANDROID_ZHIZUO\2014\cocos2d-x-zhizuo\thiefTD-master2-for-android\thiefTD-master\cocos2d\cocos\2d\Debug.win32\CCActionTween.obj
F:\ANDROID_ZHIZUO\2014\cocos2d-x-zhizuo\thiefTD-master2-for-android\thiefTD-master\cocos2d\cocos\2d\Debug.win32\CCAffineTransform.obj
F:\ANDROID_ZHIZUO\2014\cocos2d-x-zhizuo\thiefTD-master2-for-android\thiefTD-master\cocos2d\cocos\2d\Debug.win32\CCAnimation.obj
F:\ANDROID_ZHIZUO\2014\cocos2d-x-zhizuo\thiefTD-master2-for-android\thiefTD-master\cocos2d\cocos\2d\Debug.win32\CCAnimationCache.obj
F:\ANDROID_ZHIZUO\2014\cocos2d-x-zhizuo\thiefTD-master2-for-android\thiefTD-master\cocos2d\cocos\2d\Debug.win32\CCApplication.obj
F:\ANDROID_ZHIZUO\2014\cocos2d-x-zhizuo\thiefTD-master2-for-android\thiefTD-master\cocos2d\cocos\2d\Debug.win32\CCArray.obj
F:\ANDROID_ZHIZUO\2014\cocos2d-x-zhizuo\thiefTD-master2-for-android\thiefTD-master\cocos2d\cocos\2d\Debug.win32\CCAtlasNode.obj
F:\ANDROID_ZHIZUO\2014\cocos2d-x-zhizuo\thiefTD-master2-for-android\thiefTD-master\cocos2d\cocos\2d\Debug.win32\CCAutoreleasePool.obj
F:\ANDROID_ZHIZUO\2014\cocos2d-x-zhizuo\thiefTD-master2-for-android\thiefTD-master\cocos2d\cocos\2d\Debug.win32\CCBatchCommand.obj
F:\ANDROID_ZHIZUO\2014\cocos2d-x-zhizuo\thiefTD-master2-for-android\thiefTD-master\cocos2d\cocos\2d\Debug.win32\ccCArray.obj
F:\ANDROID_ZHIZUO\2014\cocos2d-x-zhizuo\thiefTD-master2-for-android\thiefTD-master\cocos2d\cocos\2d\Debug.win32\CCClippingNode.obj
F:\ANDROID_ZHIZUO\2014\cocos2d-x-zhizuo\thiefTD-master2-for-android\thiefTD-master\cocos2d\cocos\2d\Debug.win32\CCCommon.obj
F:\ANDROID_ZHIZUO\2014\cocos2d-x-zhizuo\thiefTD-master2-for-android\thiefTD-master\cocos2d\cocos\2d\Debug.win32\CCComponent.obj
F:\ANDROID_ZHIZUO\2014\cocos2d-x-zhizuo\thiefTD-master2-for-android\thiefTD-master\cocos2d\cocos\2d\Debug.win32\CCComponentContainer.obj
F:\ANDROID_ZHIZUO\2014\cocos2d-x-zhizuo\thiefTD-master2-for-android\thiefTD-master\cocos2d\cocos\2d\Debug.win32\CCConfiguration.obj
F:\ANDROID_ZHIZUO\2014\cocos2d-x-zhizuo\thiefTD-master2-for-android\thiefTD-master\cocos2d\cocos\2d\Debug.win32\CCConsole.obj
F:\ANDROID_ZHIZUO\2014\cocos2d-x-zhizuo\thiefTD-master2-for-android\thiefTD-master\cocos2d\cocos\2d\Debug.win32\CCCustomCommand.obj
F:\ANDROID_ZHIZUO\2014\cocos2d-x-zhizuo\thiefTD-master2-for-android\thiefTD-master\cocos2d\cocos\2d\Debug.win32\CCData.obj
F:\ANDROID_ZHIZUO\2014\cocos2d-x-zhizuo\thiefTD-master2-for-android\thiefTD-master\cocos2d\cocos\2d\Debug.win32\CCDataVisitor.obj
F:\ANDROID_ZHIZUO\2014\cocos2d-x-zhizuo\thiefTD-master2-for-android\thiefTD-master\cocos2d\cocos\2d\Debug.win32\CCDeprecated.obj
F:\ANDROID_ZHIZUO\2014\cocos2d-x-zhizuo\thiefTD-master2-for-android\thiefTD-master\cocos2d\cocos\2d\Debug.win32\CCDevice.obj
F:\ANDROID_ZHIZUO\2014\cocos2d-x-zhizuo\thiefTD-master2-for-android\thiefTD-master\cocos2d\cocos\2d\Debug.win32\CCDictionary.obj
F:\ANDROID_ZHIZUO\2014\cocos2d-x-zhizuo\thiefTD-master2-for-android\thiefTD-master\cocos2d\cocos\2d\Debug.win32\CCDirector.obj
F:\ANDROID_ZHIZUO\2014\cocos2d-x-zhizuo\thiefTD-master2-for-android\thiefTD-master\cocos2d\cocos\2d\Debug.win32\CCDrawingPrimitives.obj
F:\ANDROID_ZHIZUO\2014\cocos2d-x-zhizuo\thiefTD-master2-for-android\thiefTD-master\cocos2d\cocos\2d\Debug.win32\CCDrawNode.obj
F:\ANDROID_ZHIZUO\2014\cocos2d-x-zhizuo\thiefTD-master2-for-android\thiefTD-master\cocos2d\cocos\2d\Debug.win32\CCEvent.obj
F:\ANDROID_ZHIZUO\2014\cocos2d-x-zhizuo\thiefTD-master2-for-android\thiefTD-master\cocos2d\cocos\2d\Debug.win32\CCEventAcceleration.obj
F:\ANDROID_ZHIZUO\2014\cocos2d-x-zhizuo\thiefTD-master2-for-android\thiefTD-master\cocos2d\cocos\2d\Debug.win32\CCEventCustom.obj
F:\ANDROID_ZHIZUO\2014\cocos2d-x-zhizuo\thiefTD-master2-for-android\thiefTD-master\cocos2d\cocos\2d\Debug.win32\CCEventDispatcher.obj
F:\ANDROID_ZHIZUO\2014\cocos2d-x-zhizuo\thiefTD-master2-for-android\thiefTD-master\cocos2d\cocos\2d\Debug.win32\CCEventKeyboard.obj
F:\ANDROID_ZHIZUO\2014\cocos2d-x-zhizuo\thiefTD-master2-for-android\thiefTD-master\cocos2d\cocos\2d\Debug.win32\CCEventListener.obj
F:\ANDROID_ZHIZUO\2014\cocos2d-x-zhizuo\thiefTD-master2-for-android\thiefTD-master\cocos2d\cocos\2d\Debug.win32\CCEventListenerAcceleration.obj
F:\ANDROID_ZHIZUO\2014\cocos2d-x-zhizuo\thiefTD-master2-for-android\thiefTD-master\cocos2d\cocos\2d\Debug.win32\CCEventListenerCustom.obj
F:\ANDROID_ZHIZUO\2014\cocos2d-x-zhizuo\thiefTD-master2-for-android\thiefTD-master\cocos2d\cocos\2d\Debug.win32\CCEventListenerKeyboard.obj
F:\ANDROID_ZHIZUO\2014\cocos2d-x-zhizuo\thiefTD-master2-for-android\thiefTD-master\cocos2d\cocos\2d\Debug.win32\CCEventListenerMouse.obj
F:\ANDROID_ZHIZUO\2014\cocos2d-x-zhizuo\thiefTD-master2-for-android\thiefTD-master\cocos2d\cocos\2d\Debug.win32\CCEventListenerTouch.obj
F:\ANDROID_ZHIZUO\2014\cocos2d-x-zhizuo\thiefTD-master2-for-android\thiefTD-master\cocos2d\cocos\2d\Debug.win32\CCEventMouse.obj
F:\ANDROID_ZHIZUO\2014\cocos2d-x-zhizuo\thiefTD-master2-for-android\thiefTD-master\cocos2d\cocos\2d\Debug.win32\CCEventTouch.obj
F:\ANDROID_ZHIZUO\2014\cocos2d-x-zhizuo\thiefTD-master2-for-android\thiefTD-master\cocos2d\cocos\2d\Debug.win32\CCFileUtils.obj
F:\ANDROID_ZHIZUO\2014\cocos2d-x-zhizuo\thiefTD-master2-for-android\thiefTD-master\cocos2d\cocos\2d\Debug.win32\CCFileUtilsWin32.obj
F:\ANDROID_ZHIZUO\2014\cocos2d-x-zhizuo\thiefTD-master2-for-android\thiefTD-master\cocos2d\cocos\2d\Debug.win32\CCFont.obj
F:\ANDROID_ZHIZUO\2014\cocos2d-x-zhizuo\thiefTD-master2-for-android\thiefTD-master\cocos2d\cocos\2d\Debug.win32\CCFontAtlas.obj
F:\ANDROID_ZHIZUO\2014\cocos2d-x-zhizuo\thiefTD-master2-for-android\thiefTD-master\cocos2d\cocos\2d\Debug.win32\CCFontAtlasCache.obj
F:\ANDROID_ZHIZUO\2014\cocos2d-x-zhizuo\thiefTD-master2-for-android\thiefTD-master\cocos2d\cocos\2d\Debug.win32\CCFontCharMap.obj
F:\ANDROID_ZHIZUO\2014\cocos2d-x-zhizuo\thiefTD-master2-for-android\thiefTD-master\cocos2d\cocos\2d\Debug.win32\CCFontFNT.obj
F:\ANDROID_ZHIZUO\2014\cocos2d-x-zhizuo\thiefTD-master2-for-android\thiefTD-master\cocos2d\cocos\2d\Debug.win32\CCFontFreeType.obj
F:\ANDROID_ZHIZUO\2014\cocos2d-x-zhizuo\thiefTD-master2-for-android\thiefTD-master\cocos2d\cocos\2d\Debug.win32\ccFPSImages.obj
F:\ANDROID_ZHIZUO\2014\cocos2d-x-zhizuo\thiefTD-master2-for-android\thiefTD-master\cocos2d\cocos\2d\Debug.win32\CCFrustum.obj
F:\ANDROID_ZHIZUO\2014\cocos2d-x-zhizuo\thiefTD-master2-for-android\thiefTD-master\cocos2d\cocos\2d\Debug.win32\CCGeometry.obj
F:\ANDROID_ZHIZUO\2014\cocos2d-x-zhizuo\thiefTD-master2-for-android\thiefTD-master\cocos2d\cocos\2d\Debug.win32\CCGLProgram.obj
F:\ANDROID_ZHIZUO\2014\cocos2d-x-zhizuo\thiefTD-master2-for-android\thiefTD-master\cocos2d\cocos\2d\Debug.win32\ccGLStateCache.obj
F:\ANDROID_ZHIZUO\2014\cocos2d-x-zhizuo\thiefTD-master2-for-android\thiefTD-master\cocos2d\cocos\2d\Debug.win32\CCGLView.obj
F:\ANDROID_ZHIZUO\2014\cocos2d-x-zhizuo\thiefTD-master2-for-android\thiefTD-master\cocos2d\cocos\2d\Debug.win32\CCGLViewProtocol.obj
F:\ANDROID_ZHIZUO\2014\cocos2d-x-zhizuo\thiefTD-master2-for-android\thiefTD-master\cocos2d\cocos\2d\Debug.win32\CCGrabber.obj
F:\ANDROID_ZHIZUO\2014\cocos2d-x-zhizuo\thiefTD-master2-for-android\thiefTD-master\cocos2d\cocos\2d\Debug.win32\CCGrid.obj
F:\ANDROID_ZHIZUO\2014\cocos2d-x-zhizuo\thiefTD-master2-for-android\thiefTD-master\cocos2d\cocos\2d\Debug.win32\CCGroupCommand.obj
F:\ANDROID_ZHIZUO\2014\cocos2d-x-zhizuo\thiefTD-master2-for-android\thiefTD-master\cocos2d\cocos\2d\Debug.win32\CCImage.obj
F:\ANDROID_ZHIZUO\2014\cocos2d-x-zhizuo\thiefTD-master2-for-android\thiefTD-master\cocos2d\cocos\2d\Debug.win32\CCIMEDispatcher.obj
F:\ANDROID_ZHIZUO\2014\cocos2d-x-zhizuo\thiefTD-master2-for-android\thiefTD-master\cocos2d\cocos\2d\Debug.win32\CCLabel.obj
F:\ANDROID_ZHIZUO\2014\cocos2d-x-zhizuo\thiefTD-master2-for-android\thiefTD-master\cocos2d\cocos\2d\Debug.win32\CCLabelAtlas.obj
F:\ANDROID_ZHIZUO\2014\cocos2d-x-zhizuo\thiefTD-master2-for-android\thiefTD-master\cocos2d\cocos\2d\Debug.win32\CCLabelBMFont.obj
F:\ANDROID_ZHIZUO\2014\cocos2d-x-zhizuo\thiefTD-master2-for-android\thiefTD-master\cocos2d\cocos\2d\Debug.win32\CCLabelTextFormatter.obj
F:\ANDROID_ZHIZUO\2014\cocos2d-x-zhizuo\thiefTD-master2-for-android\thiefTD-master\cocos2d\cocos\2d\Debug.win32\CCLabelTTF.obj
F:\ANDROID_ZHIZUO\2014\cocos2d-x-zhizuo\thiefTD-master2-for-android\thiefTD-master\cocos2d\cocos\2d\Debug.win32\CCLayer.obj
F:\ANDROID_ZHIZUO\2014\cocos2d-x-zhizuo\thiefTD-master2-for-android\thiefTD-master\cocos2d\cocos\2d\Debug.win32\CCMaterialManager.obj
F:\ANDROID_ZHIZUO\2014\cocos2d-x-zhizuo\thiefTD-master2-for-android\thiefTD-master\cocos2d\cocos\2d\Debug.win32\CCMenu.obj
F:\ANDROID_ZHIZUO\2014\cocos2d-x-zhizuo\thiefTD-master2-for-android\thiefTD-master\cocos2d\cocos\2d\Debug.win32\CCMenuItem.obj
F:\ANDROID_ZHIZUO\2014\cocos2d-x-zhizuo\thiefTD-master2-for-android\thiefTD-master\cocos2d\cocos\2d\Debug.win32\CCMotionStreak.obj
F:\ANDROID_ZHIZUO\2014\cocos2d-x-zhizuo\thiefTD-master2-for-android\thiefTD-master\cocos2d\cocos\2d\Debug.win32\CCNode.obj
F:\ANDROID_ZHIZUO\2014\cocos2d-x-zhizuo\thiefTD-master2-for-android\thiefTD-master\cocos2d\cocos\2d\Debug.win32\CCNodeGrid.obj
F:\ANDROID_ZHIZUO\2014\cocos2d-x-zhizuo\thiefTD-master2-for-android\thiefTD-master\cocos2d\cocos\2d\Debug.win32\CCNotificationCenter.obj
F:\ANDROID_ZHIZUO\2014\cocos2d-x-zhizuo\thiefTD-master2-for-android\thiefTD-master\cocos2d\cocos\2d\Debug.win32\CCNS.obj
F:\ANDROID_ZHIZUO\2014\cocos2d-x-zhizuo\thiefTD-master2-for-android\thiefTD-master\cocos2d\cocos\2d\Debug.win32\CCParallaxNode.obj
F:\ANDROID_ZHIZUO\2014\cocos2d-x-zhizuo\thiefTD-master2-for-android\thiefTD-master\cocos2d\cocos\2d\Debug.win32\CCParticleBatchNode.obj
F:\ANDROID_ZHIZUO\2014\cocos2d-x-zhizuo\thiefTD-master2-for-android\thiefTD-master\cocos2d\cocos\2d\Debug.win32\CCParticleExamples.obj
F:\ANDROID_ZHIZUO\2014\cocos2d-x-zhizuo\thiefTD-master2-for-android\thiefTD-master\cocos2d\cocos\2d\Debug.win32\CCParticleSystem.obj
F:\ANDROID_ZHIZUO\2014\cocos2d-x-zhizuo\thiefTD-master2-for-android\thiefTD-master\cocos2d\cocos\2d\Debug.win32\CCParticleSystemQuad.obj
F:\ANDROID_ZHIZUO\2014\cocos2d-x-zhizuo\thiefTD-master2-for-android\thiefTD-master\cocos2d\cocos\2d\Debug.win32\CCPhysicsBody.obj
F:\ANDROID_ZHIZUO\2014\cocos2d-x-zhizuo\thiefTD-master2-for-android\thiefTD-master\cocos2d\cocos\2d\Debug.win32\CCPhysicsBodyInfo_chipmunk.obj
F:\ANDROID_ZHIZUO\2014\cocos2d-x-zhizuo\thiefTD-master2-for-android\thiefTD-master\cocos2d\cocos\2d\Debug.win32\CCPhysicsContact.obj
F:\ANDROID_ZHIZUO\2014\cocos2d-x-zhizuo\thiefTD-master2-for-android\thiefTD-master\cocos2d\cocos\2d\Debug.win32\CCPhysicsContactInfo_chipmunk.obj
F:\ANDROID_ZHIZUO\2014\cocos2d-x-zhizuo\thiefTD-master2-for-android\thiefTD-master\cocos2d\cocos\2d\Debug.win32\CCPhysicsJoint.obj
F:\ANDROID_ZHIZUO\2014\cocos2d-x-zhizuo\thiefTD-master2-for-android\thiefTD-master\cocos2d\cocos\2d\Debug.win32\CCPhysicsJointInfo_chipmunk.obj
F:\ANDROID_ZHIZUO\2014\cocos2d-x-zhizuo\thiefTD-master2-for-android\thiefTD-master\cocos2d\cocos\2d\Debug.win32\CCPhysicsShape.obj
F:\ANDROID_ZHIZUO\2014\cocos2d-x-zhizuo\thiefTD-master2-for-android\thiefTD-master\cocos2d\cocos\2d\Debug.win32\CCPhysicsShapeInfo_chipmunk.obj
F:\ANDROID_ZHIZUO\2014\cocos2d-x-zhizuo\thiefTD-master2-for-android\thiefTD-master\cocos2d\cocos\2d\Debug.win32\CCPhysicsWorld.obj
F:\ANDROID_ZHIZUO\2014\cocos2d-x-zhizuo\thiefTD-master2-for-android\thiefTD-master\cocos2d\cocos\2d\Debug.win32\CCPhysicsWorldInfo_chipmunk.obj
F:\ANDROID_ZHIZUO\2014\cocos2d-x-zhizuo\thiefTD-master2-for-android\thiefTD-master\cocos2d\cocos\2d\Debug.win32\CCProfiling.obj
F:\ANDROID_ZHIZUO\2014\cocos2d-x-zhizuo\thiefTD-master2-for-android\thiefTD-master\cocos2d\cocos\2d\Debug.win32\CCProgressTimer.obj
F:\ANDROID_ZHIZUO\2014\cocos2d-x-zhizuo\thiefTD-master2-for-android\thiefTD-master\cocos2d\cocos\2d\Debug.win32\CCQuadCommand.obj
F:\ANDROID_ZHIZUO\2014\cocos2d-x-zhizuo\thiefTD-master2-for-android\thiefTD-master\cocos2d\cocos\2d\Debug.win32\CCRef.obj
F:\ANDROID_ZHIZUO\2014\cocos2d-x-zhizuo\thiefTD-master2-for-android\thiefTD-master\cocos2d\cocos\2d\Debug.win32\CCRenderCommand.obj
F:\ANDROID_ZHIZUO\2014\cocos2d-x-zhizuo\thiefTD-master2-for-android\thiefTD-master\cocos2d\cocos\2d\Debug.win32\CCRenderer.obj
F:\ANDROID_ZHIZUO\2014\cocos2d-x-zhizuo\thiefTD-master2-for-android\thiefTD-master\cocos2d\cocos\2d\Debug.win32\CCRenderMaterial.obj
F:\ANDROID_ZHIZUO\2014\cocos2d-x-zhizuo\thiefTD-master2-for-android\thiefTD-master\cocos2d\cocos\2d\Debug.win32\CCRenderTexture.obj
F:\ANDROID_ZHIZUO\2014\cocos2d-x-zhizuo\thiefTD-master2-for-android\thiefTD-master\cocos2d\cocos\2d\Debug.win32\CCSAXParser.obj
F:\ANDROID_ZHIZUO\2014\cocos2d-x-zhizuo\thiefTD-master2-for-android\thiefTD-master\cocos2d\cocos\2d\Debug.win32\CCScene.obj
F:\ANDROID_ZHIZUO\2014\cocos2d-x-zhizuo\thiefTD-master2-for-android\thiefTD-master\cocos2d\cocos\2d\Debug.win32\CCScheduler.obj
F:\ANDROID_ZHIZUO\2014\cocos2d-x-zhizuo\thiefTD-master2-for-android\thiefTD-master\cocos2d\cocos\2d\Debug.win32\CCScriptSupport.obj
F:\ANDROID_ZHIZUO\2014\cocos2d-x-zhizuo\thiefTD-master2-for-android\thiefTD-master\cocos2d\cocos\2d\Debug.win32\CCSet.obj
F:\ANDROID_ZHIZUO\2014\cocos2d-x-zhizuo\thiefTD-master2-for-android\thiefTD-master\cocos2d\cocos\2d\Debug.win32\CCShaderCache.obj
F:\ANDROID_ZHIZUO\2014\cocos2d-x-zhizuo\thiefTD-master2-for-android\thiefTD-master\cocos2d\cocos\2d\Debug.win32\ccShaders.obj
F:\ANDROID_ZHIZUO\2014\cocos2d-x-zhizuo\thiefTD-master2-for-android\thiefTD-master\cocos2d\cocos\2d\Debug.win32\CCSprite.obj
F:\ANDROID_ZHIZUO\2014\cocos2d-x-zhizuo\thiefTD-master2-for-android\thiefTD-master\cocos2d\cocos\2d\Debug.win32\CCSpriteBatchNode.obj
F:\ANDROID_ZHIZUO\2014\cocos2d-x-zhizuo\thiefTD-master2-for-android\thiefTD-master\cocos2d\cocos\2d\Debug.win32\CCSpriteFrame.obj
F:\ANDROID_ZHIZUO\2014\cocos2d-x-zhizuo\thiefTD-master2-for-android\thiefTD-master\cocos2d\cocos\2d\Debug.win32\CCSpriteFrameCache.obj
F:\ANDROID_ZHIZUO\2014\cocos2d-x-zhizuo\thiefTD-master2-for-android\thiefTD-master\cocos2d\cocos\2d\Debug.win32\CCStdC.obj
F:\ANDROID_ZHIZUO\2014\cocos2d-x-zhizuo\thiefTD-master2-for-android\thiefTD-master\cocos2d\cocos\2d\Debug.win32\CCString.obj
F:\ANDROID_ZHIZUO\2014\cocos2d-x-zhizuo\thiefTD-master2-for-android\thiefTD-master\cocos2d\cocos\2d\Debug.win32\CCTextFieldTTF.obj
F:\ANDROID_ZHIZUO\2014\cocos2d-x-zhizuo\thiefTD-master2-for-android\thiefTD-master\cocos2d\cocos\2d\Debug.win32\CCTexture2D.obj
F:\ANDROID_ZHIZUO\2014\cocos2d-x-zhizuo\thiefTD-master2-for-android\thiefTD-master\cocos2d\cocos\2d\Debug.win32\CCTextureAtlas.obj
F:\ANDROID_ZHIZUO\2014\cocos2d-x-zhizuo\thiefTD-master2-for-android\thiefTD-master\cocos2d\cocos\2d\Debug.win32\CCTextureCache.obj
F:\ANDROID_ZHIZUO\2014\cocos2d-x-zhizuo\thiefTD-master2-for-android\thiefTD-master\cocos2d\cocos\2d\Debug.win32\CCThread.obj
F:\ANDROID_ZHIZUO\2014\cocos2d-x-zhizuo\thiefTD-master2-for-android\thiefTD-master\cocos2d\cocos\2d\Debug.win32\CCTileMapAtlas.obj
F:\ANDROID_ZHIZUO\2014\cocos2d-x-zhizuo\thiefTD-master2-for-android\thiefTD-master\cocos2d\cocos\2d\Debug.win32\CCTMXLayer.obj
F:\ANDROID_ZHIZUO\2014\cocos2d-x-zhizuo\thiefTD-master2-for-android\thiefTD-master\cocos2d\cocos\2d\Debug.win32\CCTMXObjectGroup.obj
F:\ANDROID_ZHIZUO\2014\cocos2d-x-zhizuo\thiefTD-master2-for-android\thiefTD-master\cocos2d\cocos\2d\Debug.win32\CCTMXTiledMap.obj
F:\ANDROID_ZHIZUO\2014\cocos2d-x-zhizuo\thiefTD-master2-for-android\thiefTD-master\cocos2d\cocos\2d\Debug.win32\CCTMXXMLParser.obj
F:\ANDROID_ZHIZUO\2014\cocos2d-x-zhizuo\thiefTD-master2-for-android\thiefTD-master\cocos2d\cocos\2d\Debug.win32\CCTouch.obj
F:\ANDROID_ZHIZUO\2014\cocos2d-x-zhizuo\thiefTD-master2-for-android\thiefTD-master\cocos2d\cocos\2d\Debug.win32\CCTransition.obj
F:\ANDROID_ZHIZUO\2014\cocos2d-x-zhizuo\thiefTD-master2-for-android\thiefTD-master\cocos2d\cocos\2d\Debug.win32\CCTransitionPageTurn.obj
F:\ANDROID_ZHIZUO\2014\cocos2d-x-zhizuo\thiefTD-master2-for-android\thiefTD-master\cocos2d\cocos\2d\Debug.win32\CCTransitionProgress.obj
F:\ANDROID_ZHIZUO\2014\cocos2d-x-zhizuo\thiefTD-master2-for-android\thiefTD-master\cocos2d\cocos\2d\Debug.win32\CCTweenFunction.obj
F:\ANDROID_ZHIZUO\2014\cocos2d-x-zhizuo\thiefTD-master2-for-android\thiefTD-master\cocos2d\cocos\2d\Debug.win32\ccTypes.obj
F:\ANDROID_ZHIZUO\2014\cocos2d-x-zhizuo\thiefTD-master2-for-android\thiefTD-master\cocos2d\cocos\2d\Debug.win32\CCUserDefault.obj
F:\ANDROID_ZHIZUO\2014\cocos2d-x-zhizuo\thiefTD-master2-for-android\thiefTD-master\cocos2d\cocos\2d\Debug.win32\ccUTF8.obj
F:\ANDROID_ZHIZUO\2014\cocos2d-x-zhizuo\thiefTD-master2-for-android\thiefTD-master\cocos2d\cocos\2d\Debug.win32\ccUtils.obj
F:\ANDROID_ZHIZUO\2014\cocos2d-x-zhizuo\thiefTD-master2-for-android\thiefTD-master\cocos2d\cocos\2d\Debug.win32\CCValue.obj
F:\ANDROID_ZHIZUO\2014\cocos2d-x-zhizuo\thiefTD-master2-for-android\thiefTD-master\cocos2d\cocos\2d\Debug.win32\CCVertex.obj
F:\ANDROID_ZHIZUO\2014\cocos2d-x-zhizuo\thiefTD-master2-for-android\thiefTD-master\cocos2d\cocos\2d\Debug.win32\cocos2d.obj
F:\ANDROID_ZHIZUO\2014\cocos2d-x-zhizuo\thiefTD-master2-for-android\thiefTD-master\cocos2d\cocos\2d\Debug.win32\edtaa3func.obj
F:\ANDROID_ZHIZUO\2014\cocos2d-x-zhizuo\thiefTD-master2-for-android\thiefTD-master\cocos2d\cocos\2d\Debug.win32\etc1.obj
F:\ANDROID_ZHIZUO\2014\cocos2d-x-zhizuo\thiefTD-master2-for-android\thiefTD-master\cocos2d\cocos\2d\Debug.win32\ioapi.obj
F:\ANDROID_ZHIZUO\2014\cocos2d-x-zhizuo\thiefTD-master2-for-android\thiefTD-master\cocos2d\cocos\2d\Debug.win32\mat3.obj
F:\ANDROID_ZHIZUO\2014\cocos2d-x-zhizuo\thiefTD-master2-for-android\thiefTD-master\cocos2d\cocos\2d\Debug.win32\mat4.obj
F:\ANDROID_ZHIZUO\2014\cocos2d-x-zhizuo\thiefTD-master2-for-android\thiefTD-master\cocos2d\cocos\2d\Debug.win32\mat4stack.obj
F:\ANDROID_ZHIZUO\2014\cocos2d-x-zhizuo\thiefTD-master2-for-android\thiefTD-master\cocos2d\cocos\2d\Debug.win32\matrix.obj
F:\ANDROID_ZHIZUO\2014\cocos2d-x-zhizuo\thiefTD-master2-for-android\thiefTD-master\cocos2d\cocos\2d\Debug.win32\neon_matrix_impl.obj
F:\ANDROID_ZHIZUO\2014\cocos2d-x-zhizuo\thiefTD-master2-for-android\thiefTD-master\cocos2d\cocos\2d\Debug.win32\plane.obj
F:\ANDROID_ZHIZUO\2014\cocos2d-x-zhizuo\thiefTD-master2-for-android\thiefTD-master\cocos2d\cocos\2d\Debug.win32\quaternion.obj
F:\ANDROID_ZHIZUO\2014\cocos2d-x-zhizuo\thiefTD-master2-for-android\thiefTD-master\cocos2d\cocos\2d\Debug.win32\ray2.obj
F:\ANDROID_ZHIZUO\2014\cocos2d-x-zhizuo\thiefTD-master2-for-android\thiefTD-master\cocos2d\cocos\2d\Debug.win32\ray3.obj
F:\ANDROID_ZHIZUO\2014\cocos2d-x-zhizuo\thiefTD-master2-for-android\thiefTD-master\cocos2d\cocos\2d\Debug.win32\s3tc.obj
F:\ANDROID_ZHIZUO\2014\cocos2d-x-zhizuo\thiefTD-master2-for-android\thiefTD-master\cocos2d\cocos\2d\Debug.win32\TGAlib.obj
F:\ANDROID_ZHIZUO\2014\cocos2d-x-zhizuo\thiefTD-master2-for-android\thiefTD-master\cocos2d\cocos\2d\Debug.win32\tinyxml2.obj
F:\ANDROID_ZHIZUO\2014\cocos2d-x-zhizuo\thiefTD-master2-for-android\thiefTD-master\cocos2d\cocos\2d\Debug.win32\TransformUtils.obj
F:\ANDROID_ZHIZUO\2014\cocos2d-x-zhizuo\thiefTD-master2-for-android\thiefTD-master\cocos2d\cocos\2d\Debug.win32\unzip.obj
F:\ANDROID_ZHIZUO\2014\cocos2d-x-zhizuo\thiefTD-master2-for-android\thiefTD-master\cocos2d\cocos\2d\Debug.win32\utility.obj
F:\ANDROID_ZHIZUO\2014\cocos2d-x-zhizuo\thiefTD-master2-for-android\thiefTD-master\cocos2d\cocos\2d\Debug.win32\vec2.obj
F:\ANDROID_ZHIZUO\2014\cocos2d-x-zhizuo\thiefTD-master2-for-android\thiefTD-master\cocos2d\cocos\2d\Debug.win32\vec3.obj
F:\ANDROID_ZHIZUO\2014\cocos2d-x-zhizuo\thiefTD-master2-for-android\thiefTD-master\cocos2d\cocos\2d\Debug.win32\vec4.obj
F:\ANDROID_ZHIZUO\2014\cocos2d-x-zhizuo\thiefTD-master2-for-android\thiefTD-master\cocos2d\cocos\2d\Debug.win32\xxhash.obj
F:\ANDROID_ZHIZUO\2014\cocos2d-x-zhizuo\thiefTD-master2-for-android\thiefTD-master\cocos2d\cocos\2d\Debug.win32\ZipUtils.obj
F:\ANDROID_ZHIZUO\2014\cocos2d-x-zhizuo\thiefTD-master2-for-android\thiefTD-master\cocos2d\cocos\2d\Debug.win32\CL.1304.read.1.tlog
F:\ANDROID_ZHIZUO\2014\cocos2d-x-zhizuo\thiefTD-master2-for-android\thiefTD-master\cocos2d\cocos\2d\Debug.win32\CL.1304.write.1.tlog
F:\ANDROID_ZHIZUO\2014\cocos2d-x-zhizuo\thiefTD-master2-for-android\thiefTD-master\cocos2d\cocos\2d\Debug.win32\CL.2484.read.1.tlog
F:\ANDROID_ZHIZUO\2014\cocos2d-x-zhizuo\thiefTD-master2-for-android\thiefTD-master\cocos2d\cocos\2d\Debug.win32\CL.2484.write.1.tlog
F:\ANDROID_ZHIZUO\2014\cocos2d-x-zhizuo\thiefTD-master2-for-android\thiefTD-master\cocos2d\cocos\2d\Debug.win32\CL.2652.read.1.tlog
F:\ANDROID_ZHIZUO\2014\cocos2d-x-zhizuo\thiefTD-master2-for-android\thiefTD-master\cocos2d\cocos\2d\Debug.win32\CL.2652.write.1.tlog
F:\ANDROID_ZHIZUO\2014\cocos2d-x-zhizuo\thiefTD-master2-for-android\thiefTD-master\cocos2d\cocos\2d\Debug.win32\CL.4316.read.1.tlog
F:\ANDROID_ZHIZUO\2014\cocos2d-x-zhizuo\thiefTD-master2-for-android\thiefTD-master\cocos2d\cocos\2d\Debug.win32\CL.4316.write.1.tlog
F:\ANDROID_ZHIZUO\2014\cocos2d-x-zhizuo\thiefTD-master2-for-android\thiefTD-master\cocos2d\cocos\2d\Debug.win32\CL.4408.read.1.tlog
F:\ANDROID_ZHIZUO\2014\cocos2d-x-zhizuo\thiefTD-master2-for-android\thiefTD-master\cocos2d\cocos\2d\Debug.win32\CL.4408.write.1.tlog
F:\ANDROID_ZHIZUO\2014\cocos2d-x-zhizuo\thiefTD-master2-for-android\thiefTD-master\cocos2d\cocos\2d\Debug.win32\CL.4972.read.1.tlog
F:\ANDROID_ZHIZUO\2014\cocos2d-x-zhizuo\thiefTD-master2-for-android\thiefTD-master\cocos2d\cocos\2d\Debug.win32\CL.4972.write.1.tlog
F:\ANDROID_ZHIZUO\2014\cocos2d-x-zhizuo\thiefTD-master2-for-android\thiefTD-master\cocos2d\cocos\2d\Debug.win32\CL.4976.read.1.tlog
F:\ANDROID_ZHIZUO\2014\cocos2d-x-zhizuo\thiefTD-master2-for-android\thiefTD-master\cocos2d\cocos\2d\Debug.win32\CL.4976.write.1.tlog
F:\ANDROID_ZHIZUO\2014\cocos2d-x-zhizuo\thiefTD-master2-for-android\thiefTD-master\cocos2d\cocos\2d\Debug.win32\CL.5480.read.1.tlog
F:\ANDROID_ZHIZUO\2014\cocos2d-x-zhizuo\thiefTD-master2-for-android\thiefTD-master\cocos2d\cocos\2d\Debug.win32\CL.5480.write.1.tlog
F:\ANDROID_ZHIZUO\2014\cocos2d-x-zhizuo\thiefTD-master2-for-android\thiefTD-master\cocos2d\cocos\2d\Debug.win32\CL.5644.read.1.tlog
F:\ANDROID_ZHIZUO\2014\cocos2d-x-zhizuo\thiefTD-master2-for-android\thiefTD-master\cocos2d\cocos\2d\Debug.win32\CL.5644.write.1.tlog
F:\ANDROID_ZHIZUO\2014\cocos2d-x-zhizuo\thiefTD-master2-for-android\thiefTD-master\cocos2d\cocos\2d\Debug.win32\CL.6100.read.1.tlog
F:\ANDROID_ZHIZUO\2014\cocos2d-x-zhizuo\thiefTD-master2-for-android\thiefTD-master\cocos2d\cocos\2d\Debug.win32\CL.6100.write.1.tlog
F:\ANDROID_ZHIZUO\2014\cocos2d-x-zhizuo\thiefTD-master2-for-android\thiefTD-master\cocos2d\cocos\2d\Debug.win32\CL.6464.read.1.tlog
F:\ANDROID_ZHIZUO\2014\cocos2d-x-zhizuo\thiefTD-master2-for-android\thiefTD-master\cocos2d\cocos\2d\Debug.win32\CL.6464.write.1.tlog
F:\ANDROID_ZHIZUO\2014\cocos2d-x-zhizuo\thiefTD-master2-for-android\thiefTD-master\cocos2d\cocos\2d\Debug.win32\CL.7036.read.1.tlog
F:\ANDROID_ZHIZUO\2014\cocos2d-x-zhizuo\thiefTD-master2-for-android\thiefTD-master\cocos2d\cocos\2d\Debug.win32\CL.7036.write.1.tlog
F:\ANDROID_ZHIZUO\2014\cocos2d-x-zhizuo\thiefTD-master2-for-android\thiefTD-master\cocos2d\cocos\2d\Debug.win32\cl.command.1.tlog
F:\ANDROID_ZHIZUO\2014\cocos2d-x-zhizuo\thiefTD-master2-for-android\thiefTD-master\cocos2d\cocos\2d\Debug.win32\CL.read.1.tlog
F:\ANDROID_ZHIZUO\2014\cocos2d-x-zhizuo\thiefTD-master2-for-android\thiefTD-master\cocos2d\cocos\2d\Debug.win32\cl.write.1.tlog
F:\ANDROID_ZHIZUO\2014\cocos2d-x-zhizuo\thiefTD-master2-for-android\thiefTD-master\cocos2d\cocos\2d\Debug.win32\Lib-link.read.1.tlog
F:\ANDROID_ZHIZUO\2014\cocos2d-x-zhizuo\thiefTD-master2-for-android\thiefTD-master\cocos2d\cocos\2d\Debug.win32\Lib-link.write.1.tlog
F:\ANDROID_ZHIZUO\2014\cocos2d-x-zhizuo\thiefTD-master2-for-android\thiefTD-master\cocos2d\cocos\2d\Debug.win32\lib.command.1.tlog
F:\ANDROID_ZHIZUO\2014\cocos2d-x-zhizuo\thiefTD-master2-for-android\thiefTD-master\proj.win32\Debug.win32\libcocos2d.lib
