F:\ANDROID_ZHIZUO\2014\COCOS2D-X-ZHIZUO\THIEFTD-MASTER\THIEFTD-MASTER\COCOS2D\COCOS\AUDIO\PROJ.WIN32\DEBUG.WIN32\VC110.PDB
F:\ANDROID_ZHIZUO\2014\COCOS2D-X-ZHIZUO\THIEFTD-MASTER2-FOR-ANDROID\THIEFTD-MASTER\COCOS2D\COCOS\AUDIO\PROJ.WIN32\DEBUG.WIN32\SIMPLEAUDIOENGINE.OBJ
F:\ANDROID_ZHIZUO\2014\COCOS2D-X-ZHIZUO\THIEFTD-MASTER2-FOR-ANDROID\THIEFTD-MASTER\COCOS2D\COCOS\AUDIO\PROJ.WIN32\DEBUG.WIN32\MCIPLAYER.OBJ
F:\ANDROID_ZHIZUO\2014\COCOS2D-X-ZHIZUO\THIEFTD-MASTER2-FOR-ANDROID\THIEFTD-MASTER\COCOS2D\COCOS\AUDIO\PROJ.WIN32\DEBUG.WIN32\VC110.PDB
F:\ANDROID_ZHIZUO\2014\COCOS2D-X-ZHIZUO\THIEFTD-MASTER\THIEFTD-MASTER\PROJ.WIN32\DEBUG.WIN32\LIBAUDIO.LIB
F:\ANDROID_ZHIZUO\2014\COCOS2D-X-ZHIZUO\THIEFTD-MASTER2-FOR-ANDROID\THIEFTD-MASTER\PROJ.WIN32\DEBUG.WIN32\LIBAUDIO.LIB
F:\ANDROID_ZHIZUO\2014\cocos2d-x-zhizuo\thiefTD-master2-for-android\thiefTD-master\cocos2d\cocos\audio\proj.win32\Debug.win32\MciPlayer.obj
F:\ANDROID_ZHIZUO\2014\cocos2d-x-zhizuo\thiefTD-master2-for-android\thiefTD-master\cocos2d\cocos\audio\proj.win32\Debug.win32\SimpleAudioEngine.obj
F:\ANDROID_ZHIZUO\2014\cocos2d-x-zhizuo\thiefTD-master2-for-android\thiefTD-master\cocos2d\cocos\audio\proj.win32\Debug.win32\CL.2332.read.1.tlog
F:\ANDROID_ZHIZUO\2014\cocos2d-x-zhizuo\thiefTD-master2-for-android\thiefTD-master\cocos2d\cocos\audio\proj.win32\Debug.win32\CL.2332.write.1.tlog
F:\ANDROID_ZHIZUO\2014\cocos2d-x-zhizuo\thiefTD-master2-for-android\thiefTD-master\cocos2d\cocos\audio\proj.win32\Debug.win32\CL.3128.read.1.tlog
F:\ANDROID_ZHIZUO\2014\cocos2d-x-zhizuo\thiefTD-master2-for-android\thiefTD-master\cocos2d\cocos\audio\proj.win32\Debug.win32\CL.3128.write.1.tlog
F:\ANDROID_ZHIZUO\2014\cocos2d-x-zhizuo\thiefTD-master2-for-android\thiefTD-master\cocos2d\cocos\audio\proj.win32\Debug.win32\CL.3252.read.1.tlog
F:\ANDROID_ZHIZUO\2014\cocos2d-x-zhizuo\thiefTD-master2-for-android\thiefTD-master\cocos2d\cocos\audio\proj.win32\Debug.win32\CL.3252.write.1.tlog
F:\ANDROID_ZHIZUO\2014\cocos2d-x-zhizuo\thiefTD-master2-for-android\thiefTD-master\cocos2d\cocos\audio\proj.win32\Debug.win32\CL.4964.read.1.tlog
F:\ANDROID_ZHIZUO\2014\cocos2d-x-zhizuo\thiefTD-master2-for-android\thiefTD-master\cocos2d\cocos\audio\proj.win32\Debug.win32\CL.4964.write.1.tlog
F:\ANDROID_ZHIZUO\2014\cocos2d-x-zhizuo\thiefTD-master2-for-android\thiefTD-master\cocos2d\cocos\audio\proj.win32\Debug.win32\CL.5076.read.1.tlog
F:\ANDROID_ZHIZUO\2014\cocos2d-x-zhizuo\thiefTD-master2-for-android\thiefTD-master\cocos2d\cocos\audio\proj.win32\Debug.win32\CL.5076.write.1.tlog
F:\ANDROID_ZHIZUO\2014\cocos2d-x-zhizuo\thiefTD-master2-for-android\thiefTD-master\cocos2d\cocos\audio\proj.win32\Debug.win32\CL.5608.read.1.tlog
F:\ANDROID_ZHIZUO\2014\cocos2d-x-zhizuo\thiefTD-master2-for-android\thiefTD-master\cocos2d\cocos\audio\proj.win32\Debug.win32\CL.5608.write.1.tlog
F:\ANDROID_ZHIZUO\2014\cocos2d-x-zhizuo\thiefTD-master2-for-android\thiefTD-master\cocos2d\cocos\audio\proj.win32\Debug.win32\cl.command.1.tlog
F:\ANDROID_ZHIZUO\2014\cocos2d-x-zhizuo\thiefTD-master2-for-android\thiefTD-master\cocos2d\cocos\audio\proj.win32\Debug.win32\CL.read.1.tlog
F:\ANDROID_ZHIZUO\2014\cocos2d-x-zhizuo\thiefTD-master2-for-android\thiefTD-master\cocos2d\cocos\audio\proj.win32\Debug.win32\cl.write.1.tlog
F:\ANDROID_ZHIZUO\2014\cocos2d-x-zhizuo\thiefTD-master2-for-android\thiefTD-master\cocos2d\cocos\audio\proj.win32\Debug.win32\Lib-link.read.1.tlog
F:\ANDROID_ZHIZUO\2014\cocos2d-x-zhizuo\thiefTD-master2-for-android\thiefTD-master\cocos2d\cocos\audio\proj.win32\Debug.win32\Lib-link.write.1.tlog
F:\ANDROID_ZHIZUO\2014\cocos2d-x-zhizuo\thiefTD-master2-for-android\thiefTD-master\cocos2d\cocos\audio\proj.win32\Debug.win32\lib.command.1.tlog
F:\ANDROID_ZHIZUO\2014\cocos2d-x-zhizuo\thiefTD-master2-for-android\thiefTD-master\cocos2d\cocos\audio\proj.win32\Debug.win32\vc110.idb
F:\ANDROID_ZHIZUO\2014\cocos2d-x-zhizuo\thiefTD-master2-for-android\thiefTD-master\cocos2d\cocos\audio\proj.win32\Debug.win32\vc110.pdb
F:\ANDROID_ZHIZUO\2014\cocos2d-x-zhizuo\thiefTD-master2-for-android\thiefTD-master\proj.win32\Debug.win32\libAudio.lib
